c:\users\lab\documents\visual studio 2013\projects\hexagonal\debug\vc120.pdb
c:\users\lab\documents\visual studio 2013\projects\hexagonal\debug\vc120.idb
c:\users\lab\documents\visual studio 2013\projects\hexagonal\debug\hexagonal.obj
c:\users\lab\desktop\simulation\hexagon\debug\vc120.pdb
c:\users\lab\desktop\simulation\hexagon\debug\vc120.idb
c:\users\lab\desktop\simulation\hexagon\debug\hexagonal.obj
c:\users\lab\desktop\simulation\hexagon\debug\curvature.obj
c:\users\lab\documents\visual studio 2013\projects\hexagonal\debug\hexagonal.ilk
c:\users\lab\documents\visual studio 2013\projects\hexagonal\debug\hexagonal.exe
c:\users\lab\documents\visual studio 2013\projects\hexagonal\debug\hexagonal.pdb
c:\users\lab\desktop\simulation\hexagon\debug\hexagonal.ilk
c:\users\lab\desktop\simulation\hexagon\debug\hexagonal.exe
c:\users\lab\desktop\simulation\hexagon\debug\hexagonal.pdb
c:\users\lab\desktop\simulation\hexagon\debug\add.obj
c:\users\lab\desktop\simulation\hexagon\debug\save.obj
c:\users\lab\desktop\simulation\hexagon\debug\hexagonal.tlog\cl.command.1.tlog
c:\users\lab\desktop\simulation\hexagon\debug\hexagonal.tlog\cl.read.1.tlog
c:\users\lab\desktop\simulation\hexagon\debug\hexagonal.tlog\cl.write.1.tlog
c:\users\lab\desktop\simulation\hexagon\debug\hexagonal.tlog\link.command.1.tlog
c:\users\lab\desktop\simulation\hexagon\debug\hexagonal.tlog\link.read.1.tlog
c:\users\lab\desktop\simulation\hexagon\debug\hexagonal.tlog\link.write.1.tlog
