Build started 2016/01/25 18:24:45.
     1>Project "C:\Users\LAB\Desktop\Simulation\Hexagon\Hexagonal.vcxproj" on node 2 (Build target(s)).
     1>ClCompile:
         C:\Program Files (x86)\Microsoft Visual Studio 12.0\VC\bin\CL.exe /c /Zi /nologo /W3 /WX- /sdl /O2 /Oi /Oy- /GL /D _MBCS /Gm- /EHsc /MD /GS /Gy /fp:precise /Zc:wchar_t /Zc:forScope /Fo"Release\\" /Fd"Release\vc120.pdb" /Gd /TP /analyze- /errorReport:prompt Hexagonal.cpp
         Hexagonal.cpp
     1>Hexagonal.cpp(230): warning C4101: 'natural_length_x' : unreferenced local variable
     1>Hexagonal.cpp(231): warning C4101: 'natural_length_y' : unreferenced local variable
       Link:
         C:\Program Files (x86)\Microsoft Visual Studio 12.0\VC\bin\link.exe /ERRORREPORT:PROMPT /OUT:"C:\Users\LAB\Desktop\Simulation\Hexagon\Release\Hexagonal.exe" /NOLOGO kernel32.lib user32.lib gdi32.lib winspool.lib comdlg32.lib advapi32.lib shell32.lib ole32.lib oleaut32.lib uuid.lib odbc32.lib odbccp32.lib /MANIFEST /MANIFESTUAC:"level='asInvoker' uiAccess='false'" /manifest:embed /DEBUG /PDB:"C:\Users\LAB\Desktop\Simulation\Hexagon\Release\Hexagonal.pdb" /OPT:REF /OPT:ICF /LTCG /TLBID:1 /DYNAMICBASE /NXCOMPAT /IMPLIB:"C:\Users\LAB\Desktop\Simulation\Hexagon\Release\Hexagonal.lib" /MACHINE:X86 /SAFESEH Release\Hexagonal.obj
         Generating code
         Finished generating code
     1>glut32.lib(glut32.dll) : error LNK2026: module unsafe for SAFESEH image.
     1>glut32.lib(glut32.dll) : error LNK2026: module unsafe for SAFESEH image.
     1>glut32.lib(glut32.dll) : error LNK2026: module unsafe for SAFESEH image.
     1>glut32.lib(glut32.dll) : error LNK2026: module unsafe for SAFESEH image.
     1>glut32.lib(glut32.dll) : error LNK2026: module unsafe for SAFESEH image.
     1>glut32.lib(glut32.dll) : error LNK2026: module unsafe for SAFESEH image.
     1>glut32.lib(glut32.dll) : error LNK2026: module unsafe for SAFESEH image.
     1>glut32.lib(glut32.dll) : error LNK2026: module unsafe for SAFESEH image.
     1>glut32.lib(glut32.dll) : error LNK2026: module unsafe for SAFESEH image.
     1>glut32.lib(glut32.dll) : error LNK2026: module unsafe for SAFESEH image.
     1>glut32.lib(glut32.dll) : error LNK2026: module unsafe for SAFESEH image.
     1>glut32.lib(glut32.dll) : error LNK2026: module unsafe for SAFESEH image.
     1>glut32.lib(glut32.dll) : error LNK2026: module unsafe for SAFESEH image.
     1>C:\Users\LAB\Desktop\Simulation\Hexagon\Release\Hexagonal.exe : fatal error LNK1281: Unable to generate SAFESEH image.
     1>Done Building Project "C:\Users\LAB\Desktop\Simulation\Hexagon\Hexagonal.vcxproj" (Build target(s)) -- FAILED.

Build FAILED.

Time Elapsed 00:00:01.26
